2026-06-03T19:54:26.453495 - [SMS] Enviado a Capitán: Apertura detectada en el depósito D01
2026-06-03T19:54:26.527571 - [SMS] Enviado a Capitán: Movimiento detectado en acceso_deposito_01
2026-06-03T19:54:26.879519 - [SMS] Enviado a Capitán: Fallo crítico en el sistema eléctrico
2026-06-03T19:54:27.284288 - [SMS] Enviado a Capitán: Movimiento detectado en perimetro_este
2026-06-03T19:54:27.371410 - [SMS] Enviado a Capitán: Movimiento detectado en acceso_deposito_08
2026-06-03T19:54:27.454215 - [SMS] Enviado a Capitán: Apertura detectada en el depósito D08
2026-06-03T19:54:27.538553 - [SMS] Enviado a Capitán: Movimiento detectado en perimetro_sur
2026-06-03T19:54:27.699486 - [SMS] Enviado a Capitán: Movimiento detectado en perimetro_oeste
2026-06-03T19:54:27.782200 - [SMS] Enviado a Capitán: Apertura detectada en el depósito D04
2026-06-03T19:54:28.088654 - [SMS] Enviado a Capitán: Apertura detectada en el depósito D07
2026-06-03T20:36:42.754959 - [SMS] Enviado a Capitán: Apertura detectada en el depósito D01
2026-06-03T20:36:42.839761 - [SMS] Enviado a Capitán: Movimiento detectado en acceso_deposito_01
2026-06-03T20:36:43.135181 - [SMS] Enviado a Capitán: Fallo crítico en el sistema eléctrico
2026-06-03T20:36:43.430744 - [SMS] Enviado a Capitán: Movimiento detectado en perimetro_este
2026-06-03T20:36:43.504661 - [SMS] Enviado a Capitán: Movimiento detectado en acceso_deposito_08
2026-06-03T20:36:43.589586 - [SMS] Enviado a Capitán: Apertura detectada en el depósito D08
2026-06-03T20:36:43.674392 - [SMS] Enviado a Capitán: Movimiento detectado en perimetro_sur
2026-06-03T20:36:43.822392 - [SMS] Enviado a Capitán: Movimiento detectado en perimetro_oeste
2026-06-03T20:36:43.907505 - [SMS] Enviado a Capitán: Apertura detectada en el depósito D04
2026-06-03T20:36:44.214160 - [SMS] Enviado a Capitán: Apertura detectada en el depósito D07
